INFO  [2012-12-25 05:00:43,792] org.eclipse.jetty.server.Server: Graceful shutdown SocketConnector@0.0.0.0:8081
INFO  [2012-12-25 05:00:43,794] org.eclipse.jetty.server.Server: Graceful shutdown InstrumentedBlockingChannelConnector@0.0.0.0:8080
INFO  [2012-12-25 05:00:43,800] org.eclipse.jetty.server.Server: Graceful shutdown o.e.j.s.ServletContextHandler{/,null}
INFO  [2012-12-25 05:00:43,800] org.eclipse.jetty.server.Server: Graceful shutdown o.e.j.s.ServletContextHandler{/,null}
INFO  [2012-12-25 05:00:45,853] org.eclipse.jetty.server.handler.ContextHandler: stopped o.e.j.s.ServletContextHandler{/,null}
INFO  [2012-12-25 05:00:45,853] org.eclipse.jetty.server.handler.ContextHandler: stopped o.e.j.s.ServletContextHandler{/,null}
INFO  [2012-12-25 05:00:45,905] org.eclipse.jetty.util.thread.ShutdownThread: shutdown already commenced
INFO  [2012-12-25 05:02:19,873] com.yammer.dropwizard.cli.ServerCommand: Starting hello_world
INFO  [2012-12-25 05:02:19,875] org.eclipse.jetty.server.Server: jetty-8.y.z-SNAPSHOT
INFO  [2012-12-25 05:02:19,990] com.sun.jersey.server.impl.application.WebApplicationImpl: Initiating Jersey application, version 'Jersey: 1.15 10/30/2012 02:40 PM'
INFO  [2012-12-25 05:02:20,054] com.yammer.dropwizard.config.Environment: 

    GET     /search (dw_server.resources.SearchKudosRessource)
    GET     /hello_word (dw_server.resources.TutuluResource)

INFO  [2012-12-25 05:02:20,054] com.yammer.dropwizard.config.Environment: tasks = 

    POST    /tasks/gc (com.yammer.dropwizard.tasks.GarbageCollectionTask)

WARN  [2012-12-25 05:02:20,331] com.sun.jersey.spi.inject.Errors: The following warnings have been detected with resource and/or provider classes:
  WARNING: A HTTP GET method, public void dw_server.resources.SearchKudosRessource.getKudos(), MUST return a non-void type.
INFO  [2012-12-25 05:02:20,338] org.eclipse.jetty.server.AbstractConnector: Started InstrumentedBlockingChannelConnector@0.0.0.0:8080
INFO  [2012-12-25 05:02:20,339] org.eclipse.jetty.server.AbstractConnector: Started SocketConnector@0.0.0.0:8081
WARN  [2012-12-25 05:02:39,541] com.mongodb.tcp: Exception determining maxBSON size using0
! java.io.IOException: couldn't connect to [ubuntu/127.0.1.1:27017] bc:java.net.ConnectException: Connection refused
! at com.mongodb.DBPort._open(DBPort.java:228)
! at com.mongodb.DBPort.go(DBPort.java:112)
! at com.mongodb.DBPort.go(DBPort.java:93)
! at com.mongodb.DBPort.findOne(DBPort.java:146)
! at com.mongodb.DBPort.runCommand(DBPort.java:157)
! at com.mongodb.DBTCPConnector.fetchMaxBsonObjectSize(DBTCPConnector.java:457)
! at com.mongodb.DBTCPConnector.checkMaster(DBTCPConnector.java:444)
! at com.mongodb.DBTCPConnector.call(DBTCPConnector.java:209)
! at com.mongodb.DBApiLayer$MyCollection.__find(DBApiLayer.java:305)
! at com.mongodb.DB.command(DB.java:160)
! at com.mongodb.DB.command(DB.java:183)
! at com.mongodb.Mongo.getDatabaseNames(Mongo.java:327)
! at dw_server.health.MongoHealthCheck.check(TutuluHealth.scala:34)
! at com.yammer.metrics.core.HealthCheck.execute(HealthCheck.java:195)
! at com.yammer.metrics.core.HealthCheckRegistry.runHealthChecks(HealthCheckRegistry.java:53)
! at com.yammer.metrics.reporting.HealthCheckServlet.doGet(HealthCheckServlet.java:61)
! at javax.servlet.http.HttpServlet.service(HttpServlet.java:735)
! at javax.servlet.http.HttpServlet.service(HttpServlet.java:848)
! at com.yammer.metrics.reporting.AdminServlet.doGet(AdminServlet.java:103)
! at javax.servlet.http.HttpServlet.service(HttpServlet.java:735)
! at javax.servlet.http.HttpServlet.service(HttpServlet.java:848)
! at org.eclipse.jetty.servlet.ServletHolder.handle(ServletHolder.java:669)
! at org.eclipse.jetty.servlet.ServletHandler.doHandle(ServletHandler.java:455)
! at org.eclipse.jetty.server.handler.ContextHandler.doHandle(ContextHandler.java:1072)
! at org.eclipse.jetty.servlet.ServletHandler.doScope(ServletHandler.java:382)
! at org.eclipse.jetty.server.handler.ContextHandler.doScope(ContextHandler.java:1006)
! at org.eclipse.jetty.server.handler.ScopedHandler.handle(ScopedHandler.java:135)
! at org.eclipse.jetty.server.handler.HandlerCollection.handle(HandlerCollection.java:154)
! at org.eclipse.jetty.server.handler.HandlerWrapper.handle(HandlerWrapper.java:116)
! at org.eclipse.jetty.server.Server.handle(Server.java:365)
! at org.eclipse.jetty.server.AbstractHttpConnection.handleRequest(AbstractHttpConnection.java:485)
! at org.eclipse.jetty.server.BlockingHttpConnection.handleRequest(BlockingHttpConnection.java:53)
! at org.eclipse.jetty.server.AbstractHttpConnection.headerComplete(AbstractHttpConnection.java:926)
! at org.eclipse.jetty.server.AbstractHttpConnection$RequestHandler.headerComplete(AbstractHttpConnection.java:988)
! at org.eclipse.jetty.http.HttpParser.parseNext(HttpParser.java:635)
! at org.eclipse.jetty.http.HttpParser.parseAvailable(HttpParser.java:235)
! at org.eclipse.jetty.server.BlockingHttpConnection.handle(BlockingHttpConnection.java:72)
! at org.eclipse.jetty.server.bio.SocketConnector$ConnectorEndPoint.run(SocketConnector.java:264)
! at org.eclipse.jetty.util.thread.QueuedThreadPool.runJob(QueuedThreadPool.java:608)
! at org.eclipse.jetty.util.thread.QueuedThreadPool$3.run(QueuedThreadPool.java:543)
! at java.lang.Thread.run(Thread.java:722)
WARN  [2012-12-25 05:02:39,542] com.mongodb: emptying DBPortPool to localhost:27017 b/c of error
! java.io.IOException: couldn't connect to [ubuntu/127.0.1.1:27017] bc:java.net.ConnectException: Connection refused
! at com.mongodb.DBPort._open(DBPort.java:228)
! at com.mongodb.DBPort.go(DBPort.java:112)
! at com.mongodb.DBPort.call(DBPort.java:79)
! at com.mongodb.DBTCPConnector.call(DBTCPConnector.java:218)
! at com.mongodb.DBApiLayer$MyCollection.__find(DBApiLayer.java:305)
! at com.mongodb.DB.command(DB.java:160)
! at com.mongodb.DB.command(DB.java:183)
! at com.mongodb.Mongo.getDatabaseNames(Mongo.java:327)
! at dw_server.health.MongoHealthCheck.check(TutuluHealth.scala:34)
! at com.yammer.metrics.core.HealthCheck.execute(HealthCheck.java:195)
! at com.yammer.metrics.core.HealthCheckRegistry.runHealthChecks(HealthCheckRegistry.java:53)
! at com.yammer.metrics.reporting.HealthCheckServlet.doGet(HealthCheckServlet.java:61)
! at javax.servlet.http.HttpServlet.service(HttpServlet.java:735)
! at javax.servlet.http.HttpServlet.service(HttpServlet.java:848)
! at com.yammer.metrics.reporting.AdminServlet.doGet(AdminServlet.java:103)
! at javax.servlet.http.HttpServlet.service(HttpServlet.java:735)
! at javax.servlet.http.HttpServlet.service(HttpServlet.java:848)
! at org.eclipse.jetty.servlet.ServletHolder.handle(ServletHolder.java:669)
! at org.eclipse.jetty.servlet.ServletHandler.doHandle(ServletHandler.java:455)
! at org.eclipse.jetty.server.handler.ContextHandler.doHandle(ContextHandler.java:1072)
! at org.eclipse.jetty.servlet.ServletHandler.doScope(ServletHandler.java:382)
! at org.eclipse.jetty.server.handler.ContextHandler.doScope(ContextHandler.java:1006)
! at org.eclipse.jetty.server.handler.ScopedHandler.handle(ScopedHandler.java:135)
! at org.eclipse.jetty.server.handler.HandlerCollection.handle(HandlerCollection.java:154)
! at org.eclipse.jetty.server.handler.HandlerWrapper.handle(HandlerWrapper.java:116)
! at org.eclipse.jetty.server.Server.handle(Server.java:365)
! at org.eclipse.jetty.server.AbstractHttpConnection.handleRequest(AbstractHttpConnection.java:485)
! at org.eclipse.jetty.server.BlockingHttpConnection.handleRequest(BlockingHttpConnection.java:53)
! at org.eclipse.jetty.server.AbstractHttpConnection.headerComplete(AbstractHttpConnection.java:926)
! at org.eclipse.jetty.server.AbstractHttpConnection$RequestHandler.headerComplete(AbstractHttpConnection.java:988)
! at org.eclipse.jetty.http.HttpParser.parseNext(HttpParser.java:635)
! at org.eclipse.jetty.http.HttpParser.parseAvailable(HttpParser.java:235)
! at org.eclipse.jetty.server.BlockingHttpConnection.handle(BlockingHttpConnection.java:72)
! at org.eclipse.jetty.server.bio.SocketConnector$ConnectorEndPoint.run(SocketConnector.java:264)
! at org.eclipse.jetty.util.thread.QueuedThreadPool.runJob(QueuedThreadPool.java:608)
! at org.eclipse.jetty.util.thread.QueuedThreadPool$3.run(QueuedThreadPool.java:543)
! at java.lang.Thread.run(Thread.java:722)
INFO  [2012-12-25 05:19:54,099] org.eclipse.jetty.server.Server: Graceful shutdown SocketConnector@0.0.0.0:8081
INFO  [2012-12-25 05:19:54,100] org.eclipse.jetty.server.Server: Graceful shutdown InstrumentedBlockingChannelConnector@0.0.0.0:8080
INFO  [2012-12-25 05:19:54,102] org.eclipse.jetty.server.Server: Graceful shutdown o.e.j.s.ServletContextHandler{/,null}
INFO  [2012-12-25 05:19:54,103] org.eclipse.jetty.server.Server: Graceful shutdown o.e.j.s.ServletContextHandler{/,null}
INFO  [2012-12-25 05:19:56,157] org.eclipse.jetty.server.handler.ContextHandler: stopped o.e.j.s.ServletContextHandler{/,null}
INFO  [2012-12-25 05:19:56,158] org.eclipse.jetty.server.handler.ContextHandler: stopped o.e.j.s.ServletContextHandler{/,null}
INFO  [2012-12-25 05:19:56,214] org.eclipse.jetty.util.thread.ShutdownThread: shutdown already commenced
INFO  [2012-12-25 05:39:41,605] com.yammer.dropwizard.cli.ServerCommand: Starting hello_world
INFO  [2012-12-25 05:39:41,612] org.eclipse.jetty.server.Server: jetty-8.y.z-SNAPSHOT
INFO  [2012-12-25 05:39:41,987] com.sun.jersey.server.impl.application.WebApplicationImpl: Initiating Jersey application, version 'Jersey: 1.15 10/30/2012 02:40 PM'
INFO  [2012-12-25 05:39:42,216] com.yammer.dropwizard.config.Environment: 

    GET     /search (dw_server.resources.SearchKudosRessource)
    GET     /hello_word (dw_server.resources.TutuluResource)

INFO  [2012-12-25 05:39:42,217] com.yammer.dropwizard.config.Environment: tasks = 

    POST    /tasks/gc (com.yammer.dropwizard.tasks.GarbageCollectionTask)

WARN  [2012-12-25 05:39:42,832] com.sun.jersey.spi.inject.Errors: The following warnings have been detected with resource and/or provider classes:
  WARNING: A HTTP GET method, public void dw_server.resources.SearchKudosRessource.getKudos(), MUST return a non-void type.
INFO  [2012-12-25 05:39:42,840] org.eclipse.jetty.server.AbstractConnector: Started InstrumentedBlockingChannelConnector@0.0.0.0:8080
INFO  [2012-12-25 05:39:42,842] org.eclipse.jetty.server.AbstractConnector: Started SocketConnector@0.0.0.0:8081
WARN  [2012-12-25 05:40:16,507] com.mongodb.tcp: Exception determining maxBSON size using0
! java.io.IOException: couldn't connect to [ubuntu/127.0.1.1:27017] bc:java.net.ConnectException: Connection refused
! at com.mongodb.DBPort._open(DBPort.java:228)
! at com.mongodb.DBPort.go(DBPort.java:112)
! at com.mongodb.DBPort.go(DBPort.java:93)
! at com.mongodb.DBPort.findOne(DBPort.java:146)
! at com.mongodb.DBPort.runCommand(DBPort.java:157)
! at com.mongodb.DBTCPConnector.fetchMaxBsonObjectSize(DBTCPConnector.java:457)
! at com.mongodb.DBTCPConnector.checkMaster(DBTCPConnector.java:444)
! at com.mongodb.DBTCPConnector.call(DBTCPConnector.java:209)
! at com.mongodb.DBApiLayer$MyCollection.__find(DBApiLayer.java:305)
! at com.mongodb.DB.command(DB.java:160)
! at com.mongodb.DB.command(DB.java:183)
! at com.mongodb.Mongo.getDatabaseNames(Mongo.java:327)
! at dw_server.health.MongoHealthCheck.check(TutuluHealth.scala:35)
! at com.yammer.metrics.core.HealthCheck.execute(HealthCheck.java:195)
! at com.yammer.metrics.core.HealthCheckRegistry.runHealthChecks(HealthCheckRegistry.java:53)
! at com.yammer.metrics.reporting.HealthCheckServlet.doGet(HealthCheckServlet.java:61)
! at javax.servlet.http.HttpServlet.service(HttpServlet.java:735)
! at javax.servlet.http.HttpServlet.service(HttpServlet.java:848)
! at com.yammer.metrics.reporting.AdminServlet.doGet(AdminServlet.java:103)
! at javax.servlet.http.HttpServlet.service(HttpServlet.java:735)
! at javax.servlet.http.HttpServlet.service(HttpServlet.java:848)
! at org.eclipse.jetty.servlet.ServletHolder.handle(ServletHolder.java:669)
! at org.eclipse.jetty.servlet.ServletHandler.doHandle(ServletHandler.java:455)
! at org.eclipse.jetty.server.handler.ContextHandler.doHandle(ContextHandler.java:1072)
! at org.eclipse.jetty.servlet.ServletHandler.doScope(ServletHandler.java:382)
! at org.eclipse.jetty.server.handler.ContextHandler.doScope(ContextHandler.java:1006)
! at org.eclipse.jetty.server.handler.ScopedHandler.handle(ScopedHandler.java:135)
! at org.eclipse.jetty.server.handler.HandlerCollection.handle(HandlerCollection.java:154)
! at org.eclipse.jetty.server.handler.HandlerWrapper.handle(HandlerWrapper.java:116)
! at org.eclipse.jetty.server.Server.handle(Server.java:365)
! at org.eclipse.jetty.server.AbstractHttpConnection.handleRequest(AbstractHttpConnection.java:485)
! at org.eclipse.jetty.server.BlockingHttpConnection.handleRequest(BlockingHttpConnection.java:53)
! at org.eclipse.jetty.server.AbstractHttpConnection.headerComplete(AbstractHttpConnection.java:926)
! at org.eclipse.jetty.server.AbstractHttpConnection$RequestHandler.headerComplete(AbstractHttpConnection.java:988)
! at org.eclipse.jetty.http.HttpParser.parseNext(HttpParser.java:635)
! at org.eclipse.jetty.http.HttpParser.parseAvailable(HttpParser.java:235)
! at org.eclipse.jetty.server.BlockingHttpConnection.handle(BlockingHttpConnection.java:72)
! at org.eclipse.jetty.server.bio.SocketConnector$ConnectorEndPoint.run(SocketConnector.java:264)
! at org.eclipse.jetty.util.thread.QueuedThreadPool.runJob(QueuedThreadPool.java:608)
! at org.eclipse.jetty.util.thread.QueuedThreadPool$3.run(QueuedThreadPool.java:543)
! at java.lang.Thread.run(Thread.java:722)
WARN  [2012-12-25 05:40:16,509] com.mongodb: emptying DBPortPool to localhost:27017 b/c of error
! java.io.IOException: couldn't connect to [ubuntu/127.0.1.1:27017] bc:java.net.ConnectException: Connection refused
! at com.mongodb.DBPort._open(DBPort.java:228)
! at com.mongodb.DBPort.go(DBPort.java:112)
! at com.mongodb.DBPort.call(DBPort.java:79)
! at com.mongodb.DBTCPConnector.call(DBTCPConnector.java:218)
! at com.mongodb.DBApiLayer$MyCollection.__find(DBApiLayer.java:305)
! at com.mongodb.DB.command(DB.java:160)
! at com.mongodb.DB.command(DB.java:183)
! at com.mongodb.Mongo.getDatabaseNames(Mongo.java:327)
! at dw_server.health.MongoHealthCheck.check(TutuluHealth.scala:35)
! at com.yammer.metrics.core.HealthCheck.execute(HealthCheck.java:195)
! at com.yammer.metrics.core.HealthCheckRegistry.runHealthChecks(HealthCheckRegistry.java:53)
! at com.yammer.metrics.reporting.HealthCheckServlet.doGet(HealthCheckServlet.java:61)
! at javax.servlet.http.HttpServlet.service(HttpServlet.java:735)
! at javax.servlet.http.HttpServlet.service(HttpServlet.java:848)
! at com.yammer.metrics.reporting.AdminServlet.doGet(AdminServlet.java:103)
! at javax.servlet.http.HttpServlet.service(HttpServlet.java:735)
! at javax.servlet.http.HttpServlet.service(HttpServlet.java:848)
! at org.eclipse.jetty.servlet.ServletHolder.handle(ServletHolder.java:669)
! at org.eclipse.jetty.servlet.ServletHandler.doHandle(ServletHandler.java:455)
! at org.eclipse.jetty.server.handler.ContextHandler.doHandle(ContextHandler.java:1072)
! at org.eclipse.jetty.servlet.ServletHandler.doScope(ServletHandler.java:382)
! at org.eclipse.jetty.server.handler.ContextHandler.doScope(ContextHandler.java:1006)
! at org.eclipse.jetty.server.handler.ScopedHandler.handle(ScopedHandler.java:135)
! at org.eclipse.jetty.server.handler.HandlerCollection.handle(HandlerCollection.java:154)
! at org.eclipse.jetty.server.handler.HandlerWrapper.handle(HandlerWrapper.java:116)
! at org.eclipse.jetty.server.Server.handle(Server.java:365)
! at org.eclipse.jetty.server.AbstractHttpConnection.handleRequest(AbstractHttpConnection.java:485)
! at org.eclipse.jetty.server.BlockingHttpConnection.handleRequest(BlockingHttpConnection.java:53)
! at org.eclipse.jetty.server.AbstractHttpConnection.headerComplete(AbstractHttpConnection.java:926)
! at org.eclipse.jetty.server.AbstractHttpConnection$RequestHandler.headerComplete(AbstractHttpConnection.java:988)
! at org.eclipse.jetty.http.HttpParser.parseNext(HttpParser.java:635)
! at org.eclipse.jetty.http.HttpParser.parseAvailable(HttpParser.java:235)
! at org.eclipse.jetty.server.BlockingHttpConnection.handle(BlockingHttpConnection.java:72)
! at org.eclipse.jetty.server.bio.SocketConnector$ConnectorEndPoint.run(SocketConnector.java:264)
! at org.eclipse.jetty.util.thread.QueuedThreadPool.runJob(QueuedThreadPool.java:608)
! at org.eclipse.jetty.util.thread.QueuedThreadPool$3.run(QueuedThreadPool.java:543)
! at java.lang.Thread.run(Thread.java:722)
INFO  [2012-12-25 05:40:53,231] org.eclipse.jetty.server.Server: Graceful shutdown SocketConnector@0.0.0.0:8081
INFO  [2012-12-25 05:40:53,237] org.eclipse.jetty.server.Server: Graceful shutdown InstrumentedBlockingChannelConnector@0.0.0.0:8080
INFO  [2012-12-25 05:40:53,239] org.eclipse.jetty.server.Server: Graceful shutdown o.e.j.s.ServletContextHandler{/,null}
INFO  [2012-12-25 05:40:53,240] org.eclipse.jetty.server.Server: Graceful shutdown o.e.j.s.ServletContextHandler{/,null}
WARN  [2012-12-25 05:40:55,341] org.eclipse.jetty.util.thread.QueuedThreadPool: 1 threads could not be stopped
INFO  [2012-12-25 05:40:55,341] org.eclipse.jetty.util.thread.QueuedThreadPool: Couldn't stop Thread[qtp26085485-29,5,main]
INFO  [2012-12-25 05:40:55,342] org.eclipse.jetty.util.thread.QueuedThreadPool:  at java.net.SocketInputStream.socketRead0(Native Method)
INFO  [2012-12-25 05:40:55,342] org.eclipse.jetty.util.thread.QueuedThreadPool:  at java.net.SocketInputStream.read(SocketInputStream.java:150)
INFO  [2012-12-25 05:40:55,342] org.eclipse.jetty.util.thread.QueuedThreadPool:  at java.net.SocketInputStream.read(SocketInputStream.java:121)
INFO  [2012-12-25 05:40:55,342] org.eclipse.jetty.util.thread.QueuedThreadPool:  at org.eclipse.jetty.io.ByteArrayBuffer.readFrom(ByteArrayBuffer.java:375)
INFO  [2012-12-25 05:40:55,343] org.eclipse.jetty.util.thread.QueuedThreadPool:  at org.eclipse.jetty.io.bio.StreamEndPoint.fill(StreamEndPoint.java:141)
INFO  [2012-12-25 05:40:55,343] org.eclipse.jetty.util.thread.QueuedThreadPool:  at org.eclipse.jetty.server.bio.SocketConnector$ConnectorEndPoint.fill(SocketConnector.java:227)
INFO  [2012-12-25 05:40:55,343] org.eclipse.jetty.util.thread.QueuedThreadPool:  at org.eclipse.jetty.http.HttpParser.fill(HttpParser.java:1035)
INFO  [2012-12-25 05:40:55,343] org.eclipse.jetty.util.thread.QueuedThreadPool:  at org.eclipse.jetty.http.HttpParser.parseNext(HttpParser.java:280)
INFO  [2012-12-25 05:40:55,343] org.eclipse.jetty.util.thread.QueuedThreadPool:  at org.eclipse.jetty.http.HttpParser.parseAvailable(HttpParser.java:235)
INFO  [2012-12-25 05:40:55,343] org.eclipse.jetty.util.thread.QueuedThreadPool:  at org.eclipse.jetty.server.BlockingHttpConnection.handle(BlockingHttpConnection.java:72)
INFO  [2012-12-25 05:40:55,343] org.eclipse.jetty.util.thread.QueuedThreadPool:  at org.eclipse.jetty.server.bio.SocketConnector$ConnectorEndPoint.run(SocketConnector.java:264)
INFO  [2012-12-25 05:40:55,343] org.eclipse.jetty.util.thread.QueuedThreadPool:  at org.eclipse.jetty.util.thread.QueuedThreadPool.runJob(QueuedThreadPool.java:608)
INFO  [2012-12-25 05:40:55,344] org.eclipse.jetty.util.thread.QueuedThreadPool:  at org.eclipse.jetty.util.thread.QueuedThreadPool$3.run(QueuedThreadPool.java:543)
INFO  [2012-12-25 05:40:55,344] org.eclipse.jetty.util.thread.QueuedThreadPool:  at java.lang.Thread.run(Thread.java:722)
INFO  [2012-12-25 05:40:55,346] org.eclipse.jetty.server.handler.ContextHandler: stopped o.e.j.s.ServletContextHandler{/,null}
INFO  [2012-12-25 05:40:55,347] org.eclipse.jetty.server.handler.ContextHandler: stopped o.e.j.s.ServletContextHandler{/,null}
INFO  [2012-12-25 05:40:55,404] org.eclipse.jetty.util.thread.ShutdownThread: shutdown already commenced
INFO  [2012-12-25 06:29:42,218] com.yammer.dropwizard.cli.ServerCommand: Starting hello_world
INFO  [2012-12-25 06:29:42,220] org.eclipse.jetty.server.Server: jetty-8.y.z-SNAPSHOT
INFO  [2012-12-25 06:29:42,326] com.sun.jersey.server.impl.application.WebApplicationImpl: Initiating Jersey application, version 'Jersey: 1.15 10/30/2012 02:40 PM'
INFO  [2012-12-25 06:29:42,397] com.yammer.dropwizard.config.Environment: 

    GET     /search (dw_server.resources.SearchKudosRessource)
    GET     /hello_word (dw_server.resources.TutuluResource)

INFO  [2012-12-25 06:29:42,397] com.yammer.dropwizard.config.Environment: tasks = 

    POST    /tasks/gc (com.yammer.dropwizard.tasks.GarbageCollectionTask)

WARN  [2012-12-25 06:29:42,663] com.sun.jersey.spi.inject.Errors: The following warnings have been detected with resource and/or provider classes:
  WARNING: A HTTP GET method, public void dw_server.resources.SearchKudosRessource.getKudos(), MUST return a non-void type.
INFO  [2012-12-25 06:29:42,672] org.eclipse.jetty.server.AbstractConnector: Started InstrumentedBlockingChannelConnector@0.0.0.0:8080
INFO  [2012-12-25 06:29:42,673] org.eclipse.jetty.server.AbstractConnector: Started SocketConnector@0.0.0.0:8081
WARN  [2012-12-25 06:29:54,762] com.mongodb.tcp: Exception determining maxBSON size using0
! java.io.IOException: couldn't connect to [ubuntu/127.0.1.1:27017] bc:java.net.ConnectException: Connection refused
! at com.mongodb.DBPort._open(DBPort.java:228)
! at com.mongodb.DBPort.go(DBPort.java:112)
! at com.mongodb.DBPort.go(DBPort.java:93)
! at com.mongodb.DBPort.findOne(DBPort.java:146)
! at com.mongodb.DBPort.runCommand(DBPort.java:157)
! at com.mongodb.DBTCPConnector.fetchMaxBsonObjectSize(DBTCPConnector.java:457)
! at com.mongodb.DBTCPConnector.checkMaster(DBTCPConnector.java:444)
! at com.mongodb.DBTCPConnector.call(DBTCPConnector.java:209)
! at com.mongodb.DBApiLayer$MyCollection.__find(DBApiLayer.java:305)
! at com.mongodb.DB.command(DB.java:160)
! at com.mongodb.DB.command(DB.java:183)
! at com.mongodb.Mongo.getDatabaseNames(Mongo.java:327)
! at dw_server.health.MongoHealthCheck.check(HelloHealth.scala:35)
! at com.yammer.metrics.core.HealthCheck.execute(HealthCheck.java:195)
! at com.yammer.metrics.core.HealthCheckRegistry.runHealthChecks(HealthCheckRegistry.java:53)
! at com.yammer.metrics.reporting.HealthCheckServlet.doGet(HealthCheckServlet.java:61)
! at javax.servlet.http.HttpServlet.service(HttpServlet.java:735)
! at javax.servlet.http.HttpServlet.service(HttpServlet.java:848)
! at com.yammer.metrics.reporting.AdminServlet.doGet(AdminServlet.java:103)
! at javax.servlet.http.HttpServlet.service(HttpServlet.java:735)
! at javax.servlet.http.HttpServlet.service(HttpServlet.java:848)
! at org.eclipse.jetty.servlet.ServletHolder.handle(ServletHolder.java:669)
! at org.eclipse.jetty.servlet.ServletHandler.doHandle(ServletHandler.java:455)
! at org.eclipse.jetty.server.handler.ContextHandler.doHandle(ContextHandler.java:1072)
! at org.eclipse.jetty.servlet.ServletHandler.doScope(ServletHandler.java:382)
! at org.eclipse.jetty.server.handler.ContextHandler.doScope(ContextHandler.java:1006)
! at org.eclipse.jetty.server.handler.ScopedHandler.handle(ScopedHandler.java:135)
! at org.eclipse.jetty.server.handler.HandlerCollection.handle(HandlerCollection.java:154)
! at org.eclipse.jetty.server.handler.HandlerWrapper.handle(HandlerWrapper.java:116)
! at org.eclipse.jetty.server.Server.handle(Server.java:365)
! at org.eclipse.jetty.server.AbstractHttpConnection.handleRequest(AbstractHttpConnection.java:485)
! at org.eclipse.jetty.server.BlockingHttpConnection.handleRequest(BlockingHttpConnection.java:53)
! at org.eclipse.jetty.server.AbstractHttpConnection.headerComplete(AbstractHttpConnection.java:926)
! at org.eclipse.jetty.server.AbstractHttpConnection$RequestHandler.headerComplete(AbstractHttpConnection.java:988)
! at org.eclipse.jetty.http.HttpParser.parseNext(HttpParser.java:635)
! at org.eclipse.jetty.http.HttpParser.parseAvailable(HttpParser.java:235)
! at org.eclipse.jetty.server.BlockingHttpConnection.handle(BlockingHttpConnection.java:72)
! at org.eclipse.jetty.server.bio.SocketConnector$ConnectorEndPoint.run(SocketConnector.java:264)
! at org.eclipse.jetty.util.thread.QueuedThreadPool.runJob(QueuedThreadPool.java:608)
! at org.eclipse.jetty.util.thread.QueuedThreadPool$3.run(QueuedThreadPool.java:543)
! at java.lang.Thread.run(Thread.java:722)
WARN  [2012-12-25 06:29:54,764] com.mongodb: emptying DBPortPool to localhost:27017 b/c of error
! java.io.IOException: couldn't connect to [ubuntu/127.0.1.1:27017] bc:java.net.ConnectException: Connection refused
! at com.mongodb.DBPort._open(DBPort.java:228)
! at com.mongodb.DBPort.go(DBPort.java:112)
! at com.mongodb.DBPort.call(DBPort.java:79)
! at com.mongodb.DBTCPConnector.call(DBTCPConnector.java:218)
! at com.mongodb.DBApiLayer$MyCollection.__find(DBApiLayer.java:305)
! at com.mongodb.DB.command(DB.java:160)
! at com.mongodb.DB.command(DB.java:183)
! at com.mongodb.Mongo.getDatabaseNames(Mongo.java:327)
! at dw_server.health.MongoHealthCheck.check(HelloHealth.scala:35)
! at com.yammer.metrics.core.HealthCheck.execute(HealthCheck.java:195)
! at com.yammer.metrics.core.HealthCheckRegistry.runHealthChecks(HealthCheckRegistry.java:53)
! at com.yammer.metrics.reporting.HealthCheckServlet.doGet(HealthCheckServlet.java:61)
! at javax.servlet.http.HttpServlet.service(HttpServlet.java:735)
! at javax.servlet.http.HttpServlet.service(HttpServlet.java:848)
! at com.yammer.metrics.reporting.AdminServlet.doGet(AdminServlet.java:103)
! at javax.servlet.http.HttpServlet.service(HttpServlet.java:735)
! at javax.servlet.http.HttpServlet.service(HttpServlet.java:848)
! at org.eclipse.jetty.servlet.ServletHolder.handle(ServletHolder.java:669)
! at org.eclipse.jetty.servlet.ServletHandler.doHandle(ServletHandler.java:455)
! at org.eclipse.jetty.server.handler.ContextHandler.doHandle(ContextHandler.java:1072)
! at org.eclipse.jetty.servlet.ServletHandler.doScope(ServletHandler.java:382)
! at org.eclipse.jetty.server.handler.ContextHandler.doScope(ContextHandler.java:1006)
! at org.eclipse.jetty.server.handler.ScopedHandler.handle(ScopedHandler.java:135)
! at org.eclipse.jetty.server.handler.HandlerCollection.handle(HandlerCollection.java:154)
! at org.eclipse.jetty.server.handler.HandlerWrapper.handle(HandlerWrapper.java:116)
! at org.eclipse.jetty.server.Server.handle(Server.java:365)
! at org.eclipse.jetty.server.AbstractHttpConnection.handleRequest(AbstractHttpConnection.java:485)
! at org.eclipse.jetty.server.BlockingHttpConnection.handleRequest(BlockingHttpConnection.java:53)
! at org.eclipse.jetty.server.AbstractHttpConnection.headerComplete(AbstractHttpConnection.java:926)
! at org.eclipse.jetty.server.AbstractHttpConnection$RequestHandler.headerComplete(AbstractHttpConnection.java:988)
! at org.eclipse.jetty.http.HttpParser.parseNext(HttpParser.java:635)
! at org.eclipse.jetty.http.HttpParser.parseAvailable(HttpParser.java:235)
! at org.eclipse.jetty.server.BlockingHttpConnection.handle(BlockingHttpConnection.java:72)
! at org.eclipse.jetty.server.bio.SocketConnector$ConnectorEndPoint.run(SocketConnector.java:264)
! at org.eclipse.jetty.util.thread.QueuedThreadPool.runJob(QueuedThreadPool.java:608)
! at org.eclipse.jetty.util.thread.QueuedThreadPool$3.run(QueuedThreadPool.java:543)
! at java.lang.Thread.run(Thread.java:722)
INFO  [2012-12-25 06:31:35,659] org.eclipse.jetty.server.Server: Graceful shutdown SocketConnector@0.0.0.0:8081
INFO  [2012-12-25 06:31:35,660] org.eclipse.jetty.server.Server: Graceful shutdown InstrumentedBlockingChannelConnector@0.0.0.0:8080
INFO  [2012-12-25 06:31:35,661] org.eclipse.jetty.server.Server: Graceful shutdown o.e.j.s.ServletContextHandler{/,null}
INFO  [2012-12-25 06:31:35,661] org.eclipse.jetty.server.Server: Graceful shutdown o.e.j.s.ServletContextHandler{/,null}
WARN  [2012-12-25 06:31:37,762] org.eclipse.jetty.util.thread.QueuedThreadPool: 1 threads could not be stopped
INFO  [2012-12-25 06:31:37,762] org.eclipse.jetty.util.thread.QueuedThreadPool: Couldn't stop Thread[qtp292534-29,5,main]
INFO  [2012-12-25 06:31:37,763] org.eclipse.jetty.util.thread.QueuedThreadPool:  at java.net.SocketInputStream.socketRead0(Native Method)
INFO  [2012-12-25 06:31:37,764] org.eclipse.jetty.util.thread.QueuedThreadPool:  at java.net.SocketInputStream.read(SocketInputStream.java:150)
INFO  [2012-12-25 06:31:37,764] org.eclipse.jetty.util.thread.QueuedThreadPool:  at java.net.SocketInputStream.read(SocketInputStream.java:121)
INFO  [2012-12-25 06:31:37,764] org.eclipse.jetty.util.thread.QueuedThreadPool:  at org.eclipse.jetty.io.ByteArrayBuffer.readFrom(ByteArrayBuffer.java:375)
INFO  [2012-12-25 06:31:37,764] org.eclipse.jetty.util.thread.QueuedThreadPool:  at org.eclipse.jetty.io.bio.StreamEndPoint.fill(StreamEndPoint.java:141)
INFO  [2012-12-25 06:31:37,764] org.eclipse.jetty.util.thread.QueuedThreadPool:  at org.eclipse.jetty.server.bio.SocketConnector$ConnectorEndPoint.fill(SocketConnector.java:227)
INFO  [2012-12-25 06:31:37,764] org.eclipse.jetty.util.thread.QueuedThreadPool:  at org.eclipse.jetty.http.HttpParser.fill(HttpParser.java:1035)
INFO  [2012-12-25 06:31:37,764] org.eclipse.jetty.util.thread.QueuedThreadPool:  at org.eclipse.jetty.http.HttpParser.parseNext(HttpParser.java:280)
INFO  [2012-12-25 06:31:37,764] org.eclipse.jetty.util.thread.QueuedThreadPool:  at org.eclipse.jetty.http.HttpParser.parseAvailable(HttpParser.java:235)
INFO  [2012-12-25 06:31:37,764] org.eclipse.jetty.util.thread.QueuedThreadPool:  at org.eclipse.jetty.server.BlockingHttpConnection.handle(BlockingHttpConnection.java:72)
INFO  [2012-12-25 06:31:37,764] org.eclipse.jetty.util.thread.QueuedThreadPool:  at org.eclipse.jetty.server.bio.SocketConnector$ConnectorEndPoint.run(SocketConnector.java:264)
INFO  [2012-12-25 06:31:37,764] org.eclipse.jetty.util.thread.QueuedThreadPool:  at org.eclipse.jetty.util.thread.QueuedThreadPool.runJob(QueuedThreadPool.java:608)
INFO  [2012-12-25 06:31:37,765] org.eclipse.jetty.util.thread.QueuedThreadPool:  at org.eclipse.jetty.util.thread.QueuedThreadPool$3.run(QueuedThreadPool.java:543)
INFO  [2012-12-25 06:31:37,765] org.eclipse.jetty.util.thread.QueuedThreadPool:  at java.lang.Thread.run(Thread.java:722)
INFO  [2012-12-25 06:31:37,766] org.eclipse.jetty.server.handler.ContextHandler: stopped o.e.j.s.ServletContextHandler{/,null}
INFO  [2012-12-25 06:31:37,767] org.eclipse.jetty.server.handler.ContextHandler: stopped o.e.j.s.ServletContextHandler{/,null}
INFO  [2012-12-25 06:31:37,824] org.eclipse.jetty.util.thread.ShutdownThread: shutdown already commenced
